2025-07-12 23:31:40,410 - root - INFO - KakaoMap Clone 애플리케이션 시작
2025-07-12 23:31:40,411 - root - INFO - 애플리케이션 초기화 시작
2025-07-12 23:31:43,592 - root - INFO - 설정 초기화 완료
2025-07-12 23:31:43,595 - root - INFO - 캐시 초기화 완료 - 파일: 0개, 크기: 0 bytes
2025-07-12 23:31:43,812 - root - INFO - 메인 윈도우 생성 완료
2025-07-12 23:31:43,813 - root - INFO - 애플리케이션 초기화 완료
2025-07-12 23:31:45,860 - root - INFO - 메인 윈도우 표시 완료
2025-07-12 23:32:41,872 - root - INFO - 애플리케이션 종료 (코드: 0)
2025-07-12 23:32:41,873 - root - INFO - 애플리케이션 정리 완료
2025-07-13 01:01:21,760 - root - INFO - KakaoMap Clone 애플리케이션 시작
2025-07-13 01:01:21,761 - root - INFO - 애플리케이션 초기화 시작
2025-07-13 01:01:24,913 - root - INFO - 설정 초기화 완료
2025-07-13 01:01:24,914 - root - INFO - 캐시 초기화 완료 - 파일: 0개, 크기: 0 bytes
2025-07-13 01:01:25,056 - root - INFO - 메인 윈도우 생성 완료
2025-07-13 01:01:25,056 - root - INFO - 애플리케이션 초기화 완료
2025-07-13 01:01:27,109 - root - INFO - 메인 윈도우 표시 완료
2025-07-13 01:12:02,996 - root - INFO - 애플리케이션 종료 (코드: 0)
2025-07-13 01:12:02,997 - root - INFO - 애플리케이션 정리 완료
2025-07-13 01:18:05,643 - root - INFO - KakaoMap Clone 애플리케이션 시작
2025-07-13 01:18:05,643 - root - INFO - 애플리케이션 초기화 시작
2025-07-13 01:18:07,174 - root - INFO - 설정 초기화 완료
2025-07-13 01:18:07,175 - root - INFO - 캐시 초기화 완료 - 파일: 0개, 크기: 0 bytes
2025-07-13 01:18:07,272 - root - INFO - 메인 윈도우 생성 완료
2025-07-13 01:18:07,273 - root - INFO - 애플리케이션 초기화 완료
2025-07-13 01:18:09,330 - root - INFO - 메인 윈도우 표시 완료
2025-07-13 01:19:36,717 - root - INFO - 애플리케이션 종료 (코드: 0)
2025-07-13 01:19:36,717 - root - INFO - 애플리케이션 정리 완료
2025-07-13 01:25:36,258 - root - INFO - KakaoMap Clone 애플리케이션 시작
2025-07-13 01:25:36,259 - root - INFO - 애플리케이션 초기화 시작
2025-07-13 01:25:37,857 - root - INFO - 설정 초기화 완료
2025-07-13 01:25:37,858 - root - INFO - 캐시 초기화 완료 - 파일: 0개, 크기: 0 bytes
2025-07-13 01:25:37,964 - root - INFO - 메인 윈도우 생성 완료
2025-07-13 01:25:37,965 - root - INFO - 애플리케이션 초기화 완료
2025-07-13 01:25:40,025 - root - INFO - 메인 윈도우 표시 완료
2025-07-13 01:25:57,980 - root - INFO - 애플리케이션 종료 (코드: 0)
2025-07-13 01:25:57,981 - root - INFO - 애플리케이션 정리 완료
2025-07-13 01:43:42,636 - root - INFO - KakaoMap Clone 애플리케이션 시작
2025-07-13 01:43:42,637 - root - INFO - 애플리케이션 초기화 시작
2025-07-13 01:43:44,293 - root - INFO - 설정 초기화 완료
2025-07-13 01:43:44,295 - root - INFO - 캐시 초기화 완료 - 파일: 0개, 크기: 0 bytes
2025-07-13 01:43:44,392 - root - INFO - 메인 윈도우 생성 완료
2025-07-13 01:43:44,392 - root - INFO - 애플리케이션 초기화 완료
2025-07-13 01:43:46,461 - root - INFO - 메인 윈도우 표시 완료
2025-07-13 01:45:53,028 - root - INFO - KakaoMap Clone 애플리케이션 시작
2025-07-13 01:45:53,028 - root - INFO - 애플리케이션 초기화 시작
2025-07-13 01:45:54,564 - root - INFO - 설정 초기화 완료
2025-07-13 01:45:54,565 - root - INFO - 캐시 초기화 완료 - 파일: 0개, 크기: 0 bytes
2025-07-13 01:45:54,663 - root - INFO - 메인 윈도우 생성 완료
2025-07-13 01:45:54,663 - root - INFO - 애플리케이션 초기화 완료
2025-07-13 01:45:56,732 - root - INFO - 메인 윈도우 표시 완료
2025-07-13 01:49:11,682 - root - INFO - 애플리케이션 종료 (코드: 0)
2025-07-13 01:49:11,682 - root - INFO - 애플리케이션 정리 완료
2025-07-13 09:09:53,980 - root - INFO - KakaoMap Clone 애플리케이션 시작
2025-07-13 09:09:53,980 - root - INFO - 애플리케이션 초기화 시작
2025-07-13 09:09:55,581 - root - INFO - 설정 초기화 완료
2025-07-13 09:09:55,582 - root - INFO - 캐시 초기화 완료 - 파일: 0개, 크기: 0 bytes
2025-07-13 09:09:55,851 - root - INFO - 메인 윈도우 생성 완료
2025-07-13 09:09:55,851 - root - INFO - 애플리케이션 초기화 완료
2025-07-13 09:09:57,909 - root - INFO - 메인 윈도우 표시 완료
2025-07-13 09:19:13,045 - root - INFO - 애플리케이션 종료 (코드: 0)
2025-07-13 09:19:13,046 - root - INFO - 애플리케이션 정리 완료
2025-07-13 09:22:24,841 - root - INFO - KakaoMap Clone 애플리케이션 시작
2025-07-13 09:22:24,842 - root - INFO - 애플리케이션 초기화 시작
2025-07-13 09:22:26,430 - root - INFO - 설정 초기화 완료
2025-07-13 09:22:26,431 - root - INFO - 캐시 초기화 완료 - 파일: 0개, 크기: 0 bytes
2025-07-13 09:22:26,524 - root - INFO - 메인 윈도우 생성 완료
2025-07-13 09:22:26,524 - root - INFO - 애플리케이션 초기화 완료
2025-07-13 09:22:28,589 - root - INFO - 메인 윈도우 표시 완료
2025-07-13 09:22:58,131 - root - INFO - KakaoMap Clone 애플리케이션 시작
2025-07-13 09:22:58,131 - root - INFO - 애플리케이션 초기화 시작
2025-07-13 09:22:59,657 - root - INFO - 설정 초기화 완료
2025-07-13 09:22:59,658 - root - INFO - 캐시 초기화 완료 - 파일: 0개, 크기: 0 bytes
2025-07-13 09:22:59,760 - root - INFO - 메인 윈도우 생성 완료
2025-07-13 09:22:59,760 - root - INFO - 애플리케이션 초기화 완료
2025-07-13 09:23:01,801 - root - INFO - 메인 윈도우 표시 완료
2025-07-13 09:23:03,559 - root - INFO - 애플리케이션 종료 (코드: 0)
2025-07-13 09:23:03,559 - root - INFO - 애플리케이션 정리 완료
2025-07-13 09:23:40,298 - root - INFO - KakaoMap Clone 애플리케이션 시작
2025-07-13 09:23:40,298 - root - INFO - 애플리케이션 초기화 시작
2025-07-13 09:23:41,827 - root - INFO - 설정 초기화 완료
2025-07-13 09:23:41,828 - root - INFO - 캐시 초기화 완료 - 파일: 0개, 크기: 0 bytes
2025-07-13 09:23:41,921 - root - INFO - 메인 윈도우 생성 완료
2025-07-13 09:23:41,922 - root - INFO - 애플리케이션 초기화 완료
2025-07-13 09:23:43,989 - root - INFO - 메인 윈도우 표시 완료
2025-07-13 09:28:45,850 - root - INFO - 애플리케이션 종료 (코드: 0)
2025-07-13 09:28:45,850 - root - INFO - 애플리케이션 정리 완료
2025-07-13 09:31:46,730 - root - INFO - KakaoMap Clone 애플리케이션 시작
2025-07-13 09:31:46,731 - root - INFO - 애플리케이션 초기화 시작
2025-07-13 09:31:48,339 - root - INFO - 설정 초기화 완료
2025-07-13 09:31:48,340 - root - INFO - 캐시 초기화 완료 - 파일: 0개, 크기: 0 bytes
2025-07-13 09:31:48,441 - root - INFO - 메인 윈도우 생성 완료
2025-07-13 09:31:48,441 - root - INFO - 애플리케이션 초기화 완료
2025-07-13 09:31:50,505 - root - INFO - 메인 윈도우 표시 완료
2025-07-13 09:32:38,484 - root - INFO - KakaoMap Clone 애플리케이션 시작
2025-07-13 09:32:38,485 - root - INFO - 애플리케이션 초기화 시작
2025-07-13 09:32:39,994 - root - INFO - 설정 초기화 완료
2025-07-13 09:32:39,995 - root - INFO - 캐시 초기화 완료 - 파일: 0개, 크기: 0 bytes
2025-07-13 09:32:40,089 - root - INFO - 메인 윈도우 생성 완료
2025-07-13 09:32:40,089 - root - INFO - 애플리케이션 초기화 완료
2025-07-13 09:32:42,158 - root - INFO - 메인 윈도우 표시 완료
2025-07-13 09:42:14,437 - root - INFO - 애플리케이션 종료 (코드: 0)
2025-07-13 09:42:14,437 - root - INFO - 애플리케이션 정리 완료
2025-07-13 09:47:02,624 - root - INFO - KakaoMap Clone 애플리케이션 시작
2025-07-13 09:47:02,624 - root - INFO - 애플리케이션 초기화 시작
2025-07-13 09:47:04,176 - root - INFO - 설정 초기화 완료
2025-07-13 09:47:04,177 - root - INFO - 캐시 초기화 완료 - 파일: 0개, 크기: 0 bytes
2025-07-13 09:47:04,274 - root - INFO - 메인 윈도우 생성 완료
2025-07-13 09:47:04,275 - root - INFO - 애플리케이션 초기화 완료
2025-07-13 09:47:06,344 - root - INFO - 메인 윈도우 표시 완료
2025-07-13 09:49:54,633 - root - INFO - 애플리케이션 종료 (코드: 0)
2025-07-13 09:49:54,633 - root - INFO - 애플리케이션 정리 완료
2025-07-13 09:50:33,216 - root - INFO - KakaoMap Clone 애플리케이션 시작
2025-07-13 09:50:33,217 - root - INFO - 애플리케이션 초기화 시작
2025-07-13 09:50:34,738 - root - INFO - 설정 초기화 완료
2025-07-13 09:50:34,739 - root - INFO - 캐시 초기화 완료 - 파일: 0개, 크기: 0 bytes
2025-07-13 09:50:34,835 - root - INFO - 메인 윈도우 생성 완료
2025-07-13 09:50:34,835 - root - INFO - 애플리케이션 초기화 완료
2025-07-13 09:50:36,905 - root - INFO - 메인 윈도우 표시 완료
2025-07-13 10:20:34,383 - root - INFO - KakaoMap Clone 애플리케이션 시작
2025-07-13 10:20:34,384 - root - INFO - 애플리케이션 초기화 시작
2025-07-13 10:20:35,896 - root - INFO - 설정 초기화 완료
2025-07-13 10:20:35,898 - root - INFO - 캐시 초기화 완료 - 파일: 0개, 크기: 0 bytes
2025-07-13 10:20:35,993 - root - INFO - 메인 윈도우 생성 완료
2025-07-13 10:20:35,994 - root - INFO - 애플리케이션 초기화 완료
2025-07-13 10:20:38,040 - root - INFO - 메인 윈도우 표시 완료
2025-07-13 10:25:07,932 - root - INFO - 애플리케이션 종료 (코드: 0)
2025-07-13 10:25:07,932 - root - INFO - 애플리케이션 정리 완료
2025-07-13 10:30:11,114 - root - INFO - KakaoMap Clone 애플리케이션 시작
2025-07-13 10:30:11,114 - root - INFO - 애플리케이션 초기화 시작
2025-07-13 10:30:12,635 - root - INFO - 설정 초기화 완료
2025-07-13 10:30:12,636 - root - INFO - 캐시 초기화 완료 - 파일: 0개, 크기: 0 bytes
2025-07-13 10:30:12,734 - root - INFO - 메인 윈도우 생성 완료
2025-07-13 10:30:12,734 - root - INFO - 애플리케이션 초기화 완료
2025-07-13 10:30:14,795 - root - INFO - 메인 윈도우 표시 완료
2025-07-13 10:33:13,604 - root - INFO - 애플리케이션 종료 (코드: 0)
2025-07-13 10:33:13,604 - root - INFO - 애플리케이션 정리 완료
